-------------------------------------------------------------------------------
Test set: com.brokerapp.service.AuthServiceTest
-------------------------------------------------------------------------------
Tests run: 4, Failures: 1, Errors: 0, Skipped: 0, Time elapsed: 0.016 s <<< FAILURE! - in com.brokerapp.service.AuthServiceTest
login_AsAdmin_ShouldReturnAuthResponse  Time elapsed: 0.004 s  <<< FAILURE!
org.mockito.exceptions.verification.WantedButNotInvoked: 

Wanted but not invoked:
customerService.getCustomersByUserId(2L);
-> at com.brokerapp.service.AuthServiceTest.login_AsAdmin_ShouldReturnAuthResponse(AuthServiceTest.java:177)
Actually, there were zero interactions with this mock.

	at com.brokerapp.service.AuthServiceTest.login_AsAdmin_ShouldReturnAuthResponse(AuthServiceTest.java:177)

